


ARM Macro Assembler    Page 1 


    1 00000000         ;/******************************************************
                       ***********************/
    2 00000000         ;/* STARTUP.S: Startup file for Philips LPC2000         
                                             */
    3 00000000         ;/******************************************************
                       ***********************/
    4 00000000         ;/* <<< Use Configuration Wizard in Context Menu >>>    
                                             */ 
    5 00000000         ;/******************************************************
                       ***********************/
    6 00000000         ;/* This file is part of the uVision/ARM development too
                       ls.                   */
    7 00000000         ;/* Copyright (c) 2005-2007 Keil Software. All rights re
                       served.               */
    8 00000000         ;/* This software may only be used under the terms of a 
                       valid, current,       */
    9 00000000         ;/* end user licence from KEIL for a compatible version 
                       of KEIL software      */
   10 00000000         ;/* development tools. Nothing else gives you the right 
                       to use this software. */
   11 00000000         ;/******************************************************
                       ***********************/
   12 00000000         
   13 00000000         
   14 00000000         ;/*
   15 00000000         ; *  The STARTUP.S code is executed after CPU Reset. Thi
                       s file may be 
   16 00000000         ; *  translated with the following SET symbols. In uVisi
                       on these SET 
   17 00000000         ; *  symbols are entered under Options - ASM - Define.
   18 00000000         ; *
   19 00000000         ; *  REMAP: when set the startup code initializes the re
                       gister MEMMAP 
   20 00000000         ; *  which overwrites the settings of the CPU configurat
                       ion pins. The 
   21 00000000         ; *  startup and interrupt vectors are remapped from:
   22 00000000         ; *     0x00000000  default setting (not remapped)
   23 00000000         ; *     0x80000000  when EXTMEM_MODE is used
   24 00000000         ; *     0x40000000  when RAM_MODE is used
   25 00000000         ; *
   26 00000000         ; *  EXTMEM_MODE: when set the device is configured for 
                       code execution
   27 00000000         ; *  from external memory starting at address 0x80000000
                       .
   28 00000000         ; *
   29 00000000         ; *  RAM_MODE: when set the device is configured for cod
                       e execution
   30 00000000         ; *  from on-chip RAM starting at address 0x40000000.
   31 00000000         ; *
   32 00000000         ; *  EXTERNAL_MODE: when set the PIN2SEL values are writ
                       ten that enable
   33 00000000         ; *  the external BUS at startup.
   34 00000000         ; */
   35 00000000         
   36 00000000         
   37 00000000         ; Standard definitions of Mode bits and Interrupt (I & F
                       ) flags in PSRs
   38 00000000         
   39 00000000 00000010 



ARM Macro Assembler    Page 2 


                       Mode_USR
                               EQU              0x10
   40 00000000 00000011 
                       Mode_FIQ
                               EQU              0x11
   41 00000000 00000012 
                       Mode_IRQ
                               EQU              0x12
   42 00000000 00000013 
                       Mode_SVC
                               EQU              0x13
   43 00000000 00000017 
                       Mode_ABT
                               EQU              0x17
   44 00000000 0000001B 
                       Mode_UND
                               EQU              0x1B
   45 00000000 0000001F 
                       Mode_SYS
                               EQU              0x1F
   46 00000000         
   47 00000000 00000080 
                       I_Bit   EQU              0x80        ; when I bit is set
                                                            , IRQ is disabled
   48 00000000 00000040 
                       F_Bit   EQU              0x40        ; when F bit is set
                                                            , FIQ is disabled
   49 00000000         
   50 00000000         ; Internal Memory Base Addresses
   51 00000000 00000000 
                       FLASH_BASE
                               EQU              0x00000000
   52 00000000 40000000 
                       RAM_BASE
                               EQU              0x40000000
   53 00000000 80000000 
                       EXTMEM_BASE
                               EQU              0x80000000
   54 00000000         
   55 00000000         ;// <h> Stack Configuration (Stack Sizes in Bytes)
   56 00000000         ;//   <o0> Undefined Mode      <0x0-0xFFFFFFFF:8>
   57 00000000         ;//   <o1> Supervisor Mode     <0x0-0xFFFFFFFF:8>
   58 00000000         ;//   <o2> Abort Mode          <0x0-0xFFFFFFFF:8>
   59 00000000         ;//   <o3> Fast Interrupt Mode <0x0-0xFFFFFFFF:8>
   60 00000000         ;//   <o4> Interrupt Mode      <0x0-0xFFFFFFFF:8>
   61 00000000         ;//   <o5> User/System Mode    <0x0-0xFFFFFFFF:8>
   62 00000000         ;// </h>
   63 00000000         
   64 00000000 00000000 
                       UND_Stack_Size
                               EQU              0x00000000
   65 00000000 00000008 
                       SVC_Stack_Size
                               EQU              0x00000008
   66 00000000 00000000 
                       ABT_Stack_Size
                               EQU              0x00000000
   67 00000000 00000000 
                       FIQ_Stack_Size



ARM Macro Assembler    Page 3 


                               EQU              0x00000000
   68 00000000 00000080 
                       IRQ_Stack_Size
                               EQU              0x00000080
   69 00000000 00000400 
                       USR_Stack_Size
                               EQU              0x00000400
   70 00000000         
   72 00000000 00000088 
                       ISR_Stack_Size
                               EQU              (UND_Stack_Size + SVC_Stack_Siz
e + ABT_Stack_Size +                           FIQ_Stack_Size + IRQ_Stack_Size
)
   73 00000000         
   74 00000000                 AREA             STACK, NOINIT, READWRITE, ALIGN
=3
   75 00000000         
   76 00000000         Stack_Mem
                               SPACE            USR_Stack_Size
   77 00000400         __initial_sp
                               SPACE            ISR_Stack_Size
   78 00000488         
   79 00000488         Stack_Top
   80 00000488         
   81 00000488         
   82 00000488         ;// <h> Heap Configuration
   83 00000488         ;//   <o>  Heap Size (in Bytes) <0x0-0xFFFFFFFF>
   84 00000488         ;// </h>
   85 00000488         
   86 00000488 00000000 
                       Heap_Size
                               EQU              0x00000000
   87 00000488         
   88 00000488                 AREA             HEAP, NOINIT, READWRITE, ALIGN=
3
   89 00000000         __heap_base
   90 00000000         Heap_Mem
                               SPACE            Heap_Size
   91 00000000         __heap_limit
   92 00000000         
   93 00000000         
   94 00000000         ; VPBDIV definitions
   95 00000000 E01FC100 
                       VPBDIV  EQU              0xE01FC100  ; VPBDIV Address
   96 00000000         
   97 00000000         ;// <e> VPBDIV Setup
   98 00000000         ;// <i> Peripheral Bus Clock Rate
   99 00000000         ;//   <o1.0..1>   VPBDIV: VPB Clock
  100 00000000         ;//               <0=> VPB Clock = CPU Clock / 4
  101 00000000         ;//               <1=> VPB Clock = CPU Clock
  102 00000000         ;//               <2=> VPB Clock = CPU Clock / 2
  103 00000000         ;//   <o1.4..5>   XCLKDIV: XCLK Pin
  104 00000000         ;//               <0=> XCLK Pin = CPU Clock / 4
  105 00000000         ;//               <1=> XCLK Pin = CPU Clock
  106 00000000         ;//               <2=> XCLK Pin = CPU Clock / 2
  107 00000000         ;// </e>
  108 00000000 00000000 
                       VPBDIV_SETUP
                               EQU              0



ARM Macro Assembler    Page 4 


  109 00000000 00000000 
                       VPBDIV_Val
                               EQU              0x00000000
  110 00000000         
  111 00000000         
  112 00000000         ; Phase Locked Loop (PLL) definitions
  113 00000000 E01FC080 
                       PLL_BASE
                               EQU              0xE01FC080  ; PLL Base Address
  114 00000000 00000000 
                       PLLCON_OFS
                               EQU              0x00        ; PLL Control Offse
                                                            t
  115 00000000 00000004 
                       PLLCFG_OFS
                               EQU              0x04        ; PLL Configuration
                                                             Offset
  116 00000000 00000008 
                       PLLSTAT_OFS
                               EQU              0x08        ; PLL Status Offset
                                                            
  117 00000000 0000000C 
                       PLLFEED_OFS
                               EQU              0x0C        ; PLL Feed Offset
  118 00000000 00000001 
                       PLLCON_PLLE
                               EQU              (1<<0)      ; PLL Enable
  119 00000000 00000002 
                       PLLCON_PLLC
                               EQU              (1<<1)      ; PLL Connect
  120 00000000 0000001F 
                       PLLCFG_MSEL
                               EQU              (0x1F<<0)   ; PLL Multiplier
  121 00000000 00000060 
                       PLLCFG_PSEL
                               EQU              (0x03<<5)   ; PLL Divider
  122 00000000 00000400 
                       PLLSTAT_PLOCK
                               EQU              (1<<10)     ; PLL Lock Status
  123 00000000         
  124 00000000         ;// <e> PLL Setup
  125 00000000         ;//   <o1.0..4>   MSEL: PLL Multiplier Selection
  126 00000000         ;//               <1-32><#-1>
  127 00000000         ;//               <i> M Value
  128 00000000         ;//   <o1.5..6>   PSEL: PLL Divider Selection
  129 00000000         ;//               <0=> 1   <1=> 2   <2=> 4   <3=> 8
  130 00000000         ;//               <i> P Value
  131 00000000         ;// </e>
  132 00000000 00000001 
                       PLL_SETUP
                               EQU              1
  133 00000000 00000024 
                       PLLCFG_Val
                               EQU              0x00000024
  134 00000000         
  135 00000000         
  136 00000000         ; Memory Accelerator Module (MAM) definitions
  137 00000000 E01FC000 
                       MAM_BASE



ARM Macro Assembler    Page 5 


                               EQU              0xE01FC000  ; MAM Base Address
  138 00000000 00000000 
                       MAMCR_OFS
                               EQU              0x00        ; MAM Control Offse
                                                            t
  139 00000000 00000004 
                       MAMTIM_OFS
                               EQU              0x04        ; MAM Timing Offset
                                                            
  140 00000000         
  141 00000000         ;// <e> MAM Setup
  142 00000000         ;//   <o1.0..1>   MAM Control
  143 00000000         ;//               <0=> Disabled
  144 00000000         ;//               <1=> Partially Enabled
  145 00000000         ;//               <2=> Fully Enabled
  146 00000000         ;//               <i> Mode
  147 00000000         ;//   <o2.0..2>   MAM Timing
  148 00000000         ;//               <0=> Reserved  <1=> 1   <2=> 2   <3=> 
                       3
  149 00000000         ;//               <4=> 4         <5=> 5   <6=> 6   <7=> 
                       7
  150 00000000         ;//               <i> Fetch Cycles
  151 00000000         ;// </e>
  152 00000000 00000001 
                       MAM_SETUP
                               EQU              1
  153 00000000 00000002 
                       MAMCR_Val
                               EQU              0x00000002
  154 00000000 00000004 
                       MAMTIM_Val
                               EQU              0x00000004
  155 00000000         
  156 00000000         
  157 00000000         ; External Memory Controller (EMC) definitions
  158 00000000 FFE00000 
                       EMC_BASE
                               EQU              0xFFE00000  ; EMC Base Address
  159 00000000 00000000 
                       BCFG0_OFS
                               EQU              0x00        ; BCFG0 Offset
  160 00000000 00000004 
                       BCFG1_OFS
                               EQU              0x04        ; BCFG1 Offset
  161 00000000 00000008 
                       BCFG2_OFS
                               EQU              0x08        ; BCFG2 Offset
  162 00000000 0000000C 
                       BCFG3_OFS
                               EQU              0x0C        ; BCFG3 Offset
  163 00000000         
  164 00000000         ;// <e> External Memory Controller (EMC)
  165 00000000 00000000 
                       EMC_SETUP
                               EQU              0
  166 00000000         
  167 00000000         ;//   <e> Bank Configuration 0 (BCFG0)
  168 00000000         ;//     <o1.0..3>   IDCY: Idle Cycles <0-15>
  169 00000000         ;//     <o1.5..9>   WST1: Wait States 1 <0-31>



ARM Macro Assembler    Page 6 


  170 00000000         ;//     <o1.11..15> WST2: Wait States 2 <0-31>
  171 00000000         ;//     <o1.10>     RBLE: Read Byte Lane Enable
  172 00000000         ;//     <o1.26>     WP: Write Protect
  173 00000000         ;//     <o1.27>     BM: Burst ROM
  174 00000000         ;//     <o1.28..29> MW: Memory Width  <0=>  8-bit  <1=> 
                       16-bit
  175 00000000         ;//                                   <2=> 32-bit  <3=> 
                       Reserved
  176 00000000         ;//   </e>
  177 00000000 00000000 
                       BCFG0_SETUP
                               EQU              0
  178 00000000 0000FBEF 
                       BCFG0_Val
                               EQU              0x0000FBEF
  179 00000000         
  180 00000000         ;//   <e> Bank Configuration 1 (BCFG1)
  181 00000000         ;//     <o1.0..3>   IDCY: Idle Cycles <0-15>
  182 00000000         ;//     <o1.5..9>   WST1: Wait States 1 <0-31>
  183 00000000         ;//     <o1.11..15> WST2: Wait States 2 <0-31>
  184 00000000         ;//     <o1.10>     RBLE: Read Byte Lane Enable
  185 00000000         ;//     <o1.26>     WP: Write Protect
  186 00000000         ;//     <o1.27>     BM: Burst ROM
  187 00000000         ;//     <o1.28..29> MW: Memory Width  <0=>  8-bit  <1=> 
                       16-bit
  188 00000000         ;//                                   <2=> 32-bit  <3=> 
                       Reserved
  189 00000000         ;//   </e>
  190 00000000 00000000 
                       BCFG1_SETUP
                               EQU              0
  191 00000000 0000FBEF 
                       BCFG1_Val
                               EQU              0x0000FBEF
  192 00000000         
  193 00000000         ;//   <e> Bank Configuration 2 (BCFG2)
  194 00000000         ;//     <o1.0..3>   IDCY: Idle Cycles <0-15>
  195 00000000         ;//     <o1.5..9>   WST1: Wait States 1 <0-31>
  196 00000000         ;//     <o1.11..15> WST2: Wait States 2 <0-31>
  197 00000000         ;//     <o1.10>     RBLE: Read Byte Lane Enable
  198 00000000         ;//     <o1.26>     WP: Write Protect
  199 00000000         ;//     <o1.27>     BM: Burst ROM
  200 00000000         ;//     <o1.28..29> MW: Memory Width  <0=>  8-bit  <1=> 
                       16-bit
  201 00000000         ;//                                   <2=> 32-bit  <3=> 
                       Reserved
  202 00000000         ;//   </e>
  203 00000000 00000000 
                       BCFG2_SETUP
                               EQU              0
  204 00000000 0000FBEF 
                       BCFG2_Val
                               EQU              0x0000FBEF
  205 00000000         
  206 00000000         ;//   <e> Bank Configuration 3 (BCFG3)
  207 00000000         ;//     <o1.0..3>   IDCY: Idle Cycles <0-15>
  208 00000000         ;//     <o1.5..9>   WST1: Wait States 1 <0-31>
  209 00000000         ;//     <o1.11..15> WST2: Wait States 2 <0-31>
  210 00000000         ;//     <o1.10>     RBLE: Read Byte Lane Enable



ARM Macro Assembler    Page 7 


  211 00000000         ;//     <o1.26>     WP: Write Protect
  212 00000000         ;//     <o1.27>     BM: Burst ROM
  213 00000000         ;//     <o1.28..29> MW: Memory Width  <0=>  8-bit  <1=> 
                       16-bit
  214 00000000         ;//                                   <2=> 32-bit  <3=> 
                       Reserved
  215 00000000         ;//   </e>
  216 00000000 00000000 
                       BCFG3_SETUP
                               EQU              0
  217 00000000 0000FBEF 
                       BCFG3_Val
                               EQU              0x0000FBEF
  218 00000000         
  219 00000000         ;// </e> End of EMC
  220 00000000         
  221 00000000         
  222 00000000         ; External Memory Pins definitions
  223 00000000 E002C014 
                       PINSEL2 EQU              0xE002C014  ; PINSEL2 Address
  224 00000000 0E6149E4 
                       PINSEL2_Val
                               EQU              0x0E6149E4  ; CS0..3, OE, WE, B
                                                            LS0..3, 
  225 00000000         ; D0..31, A2..23, JTAG Pins
  226 00000000         
  227 00000000         
  228 00000000                 PRESERVE8
  229 00000000         
  230 00000000         
  231 00000000         ; Area Definition and Entry Point
  232 00000000         ;  Startup Code must be linked first at Address at which
                        it expects to run.
  233 00000000         
  234 00000000                 AREA             RESET, CODE, READONLY
  235 00000000                 ARM
  236 00000000         
  237 00000000                 IF               :DEF:SIZE_INT_INFO
  238 00000000                 IMPORT           ||Image$$ER_IROM1$$RO$$Length||
  239 00000000                 IMPORT           ||Image$$RW_IRAM1$$RW$$Length||
  240 00000000                 ELIF             :DEF:SIZE_EXT_INFO
  243                          ENDIF
  244 00000000         
  245 00000000         ; Exception Vectors
  246 00000000         ;  Mapped to Address 0.
  247 00000000         ;  Absolute addressing mode must be used.
  248 00000000         ;  Dummy Handlers are implemented as infinite loops whic
                       h can be modified.
  249 00000000         
  250 00000000 E59FF018 
                       Vectors LDR              PC, Reset_Addr
  251 00000004 E59FF018        LDR              PC, Undef_Addr
  252 00000008 E59FF018        LDR              PC, SWI_Addr
  253 0000000C E59FF018        LDR              PC, PAbt_Addr
  254 00000010 E59FF018        LDR              PC, DAbt_Addr
  255 00000014         ; Reserved vector is used for image size information
  256 00000014                 IF               :DEF:SIZE_INT_INFO
  258 00000014 00000000        DCD              ||Image$$ER_IROM1$$RO$$Length||
+                         ||Image$$RW_IRAM1$$RW$$Length||



ARM Macro Assembler    Page 8 


  259 00000018                 ELIF             :DEF:SIZE_EXT_INFO
  264                          ENDIF
  265 00000018         ;               LDR     PC, IRQ_Addr
  266 00000018 E51FFFF0        LDR              PC, [PC, #-0x0FF0] ; Vector fro
                                                            m VicVectAddr
  267 0000001C E59FF018        LDR              PC, FIQ_Addr
  268 00000020         
  269 00000020 00000000 
                       Reset_Addr
                               DCD              Reset_Handler
  270 00000024 00000000 
                       Undef_Addr
                               DCD              Undef_Handler
  271 00000028 00000000 
                       SWI_Addr
                               DCD              SWI_Handler
  272 0000002C 00000000 
                       PAbt_Addr
                               DCD              PAbt_Handler
  273 00000030 00000000 
                       DAbt_Addr
                               DCD              DAbt_Handler
  274 00000034 00000000        DCD              0           ; Reserved Address 
                                                            
  275 00000038 00000000 
                       IRQ_Addr
                               DCD              IRQ_Handler
  276 0000003C 00000000 
                       FIQ_Addr
                               DCD              FIQ_Handler
  277 00000040         
  278 00000040 EAFFFFFE 
                       Undef_Handler
                               B                Undef_Handler
  279 00000044 EAFFFFFE 
                       SWI_Handler
                               B                SWI_Handler
  280 00000048 EAFFFFFE 
                       PAbt_Handler
                               B                PAbt_Handler
  281 0000004C EAFFFFFE 
                       DAbt_Handler
                               B                DAbt_Handler
  282 00000050 EAFFFFFE 
                       IRQ_Handler
                               B                IRQ_Handler
  283 00000054 EAFFFFFE 
                       FIQ_Handler
                               B                FIQ_Handler
  284 00000058         
  285 00000058         
  286 00000058         ; Reset Handler
  287 00000058         
  288 00000058                 EXPORT           Reset_Handler
  289 00000058         Reset_Handler
  290 00000058         
  291 00000058         
  292 00000058         ; Setup External Memory Pins
  293 00000058                 IF               :DEF:EXTERNAL_MODE



ARM Macro Assembler    Page 9 


  297                          ENDIF
  298 00000058         
  299 00000058         
  300 00000058         ; Setup External Memory Controller
  301 00000058                 IF               EMC_SETUP <> 0
  324                          ENDIF                        ; EMC_SETUP
  325 00000058         
  326 00000058         
  327 00000058         ; Setup VPBDIV
  328 00000058                 IF               VPBDIV_SETUP <> 0
  332                          ENDIF
  333 00000058         
  334 00000058         
  335 00000058         ; Setup PLL
  336 00000058                 IF               PLL_SETUP <> 0
  337 00000058 E59F00C4        LDR              R0, =PLL_BASE
  338 0000005C E3A010AA        MOV              R1, #0xAA
  339 00000060 E3A02055        MOV              R2, #0x55
  340 00000064         
  341 00000064         ;  Configure and Enable PLL
  342 00000064 E3A03024        MOV              R3, #PLLCFG_Val
  343 00000068 E5803004        STR              R3, [R0, #PLLCFG_OFS]
  344 0000006C E3A03001        MOV              R3, #PLLCON_PLLE
  345 00000070 E5803000        STR              R3, [R0, #PLLCON_OFS]
  346 00000074 E580100C        STR              R1, [R0, #PLLFEED_OFS]
  347 00000078 E580200C        STR              R2, [R0, #PLLFEED_OFS]
  348 0000007C         
  349 0000007C         ;  Wait until PLL Locked
  350 0000007C E5903008 
                       PLL_Loop
                               LDR              R3, [R0, #PLLSTAT_OFS]
  351 00000080 E2133B01        ANDS             R3, R3, #PLLSTAT_PLOCK
  352 00000084 0AFFFFFC        BEQ              PLL_Loop
  353 00000088         
  354 00000088         ;  Switch to PLL Clock
  355 00000088 E3A03003        MOV              R3, #(PLLCON_PLLE:OR:PLLCON_PLL
C)
  356 0000008C E5803000        STR              R3, [R0, #PLLCON_OFS]
  357 00000090 E580100C        STR              R1, [R0, #PLLFEED_OFS]
  358 00000094 E580200C        STR              R2, [R0, #PLLFEED_OFS]
  359 00000098                 ENDIF                        ; PLL_SETUP
  360 00000098         
  361 00000098         
  362 00000098         ; Setup MAM
  363 00000098                 IF               MAM_SETUP <> 0
  364 00000098 E59F0088        LDR              R0, =MAM_BASE
  365 0000009C E3A01004        MOV              R1, #MAMTIM_Val
  366 000000A0 E5801004        STR              R1, [R0, #MAMTIM_OFS]
  367 000000A4 E3A01002        MOV              R1, #MAMCR_Val
  368 000000A8 E5801000        STR              R1, [R0, #MAMCR_OFS]
  369 000000AC                 ENDIF                        ; MAM_SETUP
  370 000000AC         
  371 000000AC         ; Copy Exception Vectors to Internal RAM ---------------
                       ------------------------
  372 000000AC         
  373 000000AC                 IF               :DEF:RAM_INTVEC
  374 000000AC E24F80B4        ADR              R8, Vectors ; Source
  375 000000B0 E3A09101        LDR              R9, =RAM_BASE ; Destination
  376 000000B4 E8B800FF        LDMIA            R8!, {R0-R7} ; Load Vectors 



ARM Macro Assembler    Page 10 


  377 000000B8 E8A900FF        STMIA            R9!, {R0-R7} ; Store Vectors 
  378 000000BC E8B800FF        LDMIA            R8!, {R0-R7} ; Load Handler Add
                                                            resses 
  379 000000C0 E8A900FF        STMIA            R9!, {R0-R7} ; Store Handler Ad
                                                            dresses
  380 000000C4                 ENDIF
  381 000000C4         
  382 000000C4         ; Memory Mapping (when Interrupt Vectors are in RAM)
  383 000000C4 E01FC040 
                       MEMMAP  EQU              0xE01FC040  ; Memory Mapping Co
                                                            ntrol
  384 000000C4                 IF               :DEF:REMAP
  385 000000C4 E59F0060        LDR              R0, =MEMMAP
  386 000000C8                 IF               :DEF:EXTMEM_MODE
  392                          ENDIF
  393 000000CC E5801000        STR              R1, [R0]
  394 000000D0                 ENDIF
  395 000000D0         
  396 000000D0         
  397 000000D0         ; Initialise Interrupt System
  398 000000D0         ;  ...
  399 000000D0         
  400 000000D0         
  401 000000D0         ; Setup Stack for each mode
  402 000000D0         
  403 000000D0 E59F0058        LDR              R0, =Stack_Top
  404 000000D4         
  405 000000D4         ;  Enter Undefined Instruction Mode and set its Stack Po
                       inter
  406 000000D4 E321F0DB        MSR              CPSR_c, #Mode_UND:OR:I_Bit:OR:F
_Bit
  407 000000D8 E1A0D000        MOV              SP, R0
  408 000000DC E2400000        SUB              R0, R0, #UND_Stack_Size
  409 000000E0         
  410 000000E0         ;  Enter Abort Mode and set its Stack Pointer
  411 000000E0 E321F0D7        MSR              CPSR_c, #Mode_ABT:OR:I_Bit:OR:F
_Bit
  412 000000E4 E1A0D000        MOV              SP, R0
  413 000000E8 E2400000        SUB              R0, R0, #ABT_Stack_Size
  414 000000EC         
  415 000000EC         ;  Enter FIQ Mode and set its Stack Pointer
  416 000000EC E321F0D1        MSR              CPSR_c, #Mode_FIQ:OR:I_Bit:OR:F
_Bit
  417 000000F0 E1A0D000        MOV              SP, R0
  418 000000F4 E2400000        SUB              R0, R0, #FIQ_Stack_Size
  419 000000F8         
  420 000000F8         ;  Enter IRQ Mode and set its Stack Pointer
  421 000000F8 E321F0D2        MSR              CPSR_c, #Mode_IRQ:OR:I_Bit:OR:F
_Bit
  422 000000FC E1A0D000        MOV              SP, R0
  423 00000100 E2400080        SUB              R0, R0, #IRQ_Stack_Size
  424 00000104         
  425 00000104         ;  Enter Supervisor Mode and set its Stack Pointer
  426 00000104 E321F0D3        MSR              CPSR_c, #Mode_SVC:OR:I_Bit:OR:F
_Bit
  427 00000108 E1A0D000        MOV              SP, R0
  428 0000010C E2400008        SUB              R0, R0, #SVC_Stack_Size
  429 00000110         
  430 00000110         ;  Enter User Mode and set its Stack Pointer



ARM Macro Assembler    Page 11 


  431 00000110 E321F010        MSR              CPSR_c, #Mode_USR
  432 00000114                 IF               :DEF:__MICROLIB
  437 00000114         
  438 00000114 E1A0D000        MOV              SP, R0
  439 00000118 E24DAB01        SUB              SL, SP, #USR_Stack_Size
  440 0000011C         
  441 0000011C                 ENDIF
  442 0000011C         
  443 0000011C         
  444 0000011C         ; Enter the C code
  445 0000011C         
  446 0000011C                 IMPORT           __main
  447 0000011C E59F0010        LDR              R0, =__main
  448 00000120 E12FFF10        BX               R0
  449 00000124         
  450 00000124         
  451 00000124                 IF               :DEF:__MICROLIB
  457 00000124         ; User Initial Stack & Heap
  458 00000124 E01FC080 
              E01FC000 
              E01FC040 
              00000000 
              00000000         AREA             |.text|, CODE, READONLY
  459 00000000         
  460 00000000                 IMPORT           __use_two_region_memory
  461 00000000                 EXPORT           __user_initial_stackheap
  462 00000000         __user_initial_stackheap
  463 00000000         
  464 00000000 E59F000C        LDR              R0, =  Heap_Mem
  465 00000004 E59F100C        LDR              R1, =(Stack_Mem + USR_Stack_Siz
e)
  466 00000008 E59F2004        LDR              R2, = (Heap_Mem +      Heap_Siz
e)
  467 0000000C E59F3008        LDR              R3, = Stack_Mem
  468 00000010 E12FFF1E        BX               LR
  469 00000014                 ENDIF
  470 00000014         
  471 00000014         
  472 00000014                 END
              00000000 
              00000400 
              00000000 
Command Line: --debug --xref --device=DARMP --apcs=interwork -oStartup.o -IC:\K
eil\ARM\INC\Philips --predefine="REMAP SETA 1" --predefine="RAM_MODE SETA 1" --
predefine="RAM_INTVEC SETA 1" --predefine="SIZE_INT_INFO SETA 1" --list=Startup
.lst Startup.s



ARM Macro Assembler    Page 1 Alphabetic symbol ordering
Relocatable symbols

STACK 00000000

Symbol: STACK
   Definitions
      At line 74 in file Startup.s
   Uses
      None
Comment: STACK unused
Stack_Mem 00000000

Symbol: Stack_Mem
   Definitions
      At line 76 in file Startup.s
   Uses
      At line 465 in file Startup.s
      At line 467 in file Startup.s

Stack_Top 00000488

Symbol: Stack_Top
   Definitions
      At line 79 in file Startup.s
   Uses
      At line 403 in file Startup.s
Comment: Stack_Top used once
__initial_sp 00000400

Symbol: __initial_sp
   Definitions
      At line 77 in file Startup.s
   Uses
      None
Comment: __initial_sp unused
4 symbols



ARM Macro Assembler    Page 1 Alphabetic symbol ordering
Relocatable symbols

HEAP 00000000

Symbol: HEAP
   Definitions
      At line 88 in file Startup.s
   Uses
      None
Comment: HEAP unused
Heap_Mem 00000000

Symbol: Heap_Mem
   Definitions
      At line 90 in file Startup.s
   Uses
      At line 464 in file Startup.s
      At line 466 in file Startup.s

__heap_base 00000000

Symbol: __heap_base
   Definitions
      At line 89 in file Startup.s
   Uses
      None
Comment: __heap_base unused
__heap_limit 00000000

Symbol: __heap_limit
   Definitions
      At line 91 in file Startup.s
   Uses
      None
Comment: __heap_limit unused
4 symbols



ARM Macro Assembler    Page 1 Alphabetic symbol ordering
Relocatable symbols

DAbt_Addr 00000030

Symbol: DAbt_Addr
   Definitions
      At line 273 in file Startup.s
   Uses
      At line 254 in file Startup.s
Comment: DAbt_Addr used once
DAbt_Handler 0000004C

Symbol: DAbt_Handler
   Definitions
      At line 281 in file Startup.s
   Uses
      At line 273 in file Startup.s
      At line 281 in file Startup.s

FIQ_Addr 0000003C

Symbol: FIQ_Addr
   Definitions
      At line 276 in file Startup.s
   Uses
      At line 267 in file Startup.s
Comment: FIQ_Addr used once
FIQ_Handler 00000054

Symbol: FIQ_Handler
   Definitions
      At line 283 in file Startup.s
   Uses
      At line 276 in file Startup.s
      At line 283 in file Startup.s

IRQ_Addr 00000038

Symbol: IRQ_Addr
   Definitions
      At line 275 in file Startup.s
   Uses
      None
Comment: IRQ_Addr unused
IRQ_Handler 00000050

Symbol: IRQ_Handler
   Definitions
      At line 282 in file Startup.s
   Uses
      At line 275 in file Startup.s
      At line 282 in file Startup.s

PAbt_Addr 0000002C

Symbol: PAbt_Addr
   Definitions
      At line 272 in file Startup.s
   Uses
      At line 253 in file Startup.s
Comment: PAbt_Addr used once



ARM Macro Assembler    Page 2 Alphabetic symbol ordering
Relocatable symbols

PAbt_Handler 00000048

Symbol: PAbt_Handler
   Definitions
      At line 280 in file Startup.s
   Uses
      At line 272 in file Startup.s
      At line 280 in file Startup.s

PLL_Loop 0000007C

Symbol: PLL_Loop
   Definitions
      At line 350 in file Startup.s
   Uses
      At line 352 in file Startup.s
Comment: PLL_Loop used once
RESET 00000000

Symbol: RESET
   Definitions
      At line 234 in file Startup.s
   Uses
      None
Comment: RESET unused
Reset_Addr 00000020

Symbol: Reset_Addr
   Definitions
      At line 269 in file Startup.s
   Uses
      At line 250 in file Startup.s
Comment: Reset_Addr used once
Reset_Handler 00000058

Symbol: Reset_Handler
   Definitions
      At line 289 in file Startup.s
   Uses
      At line 269 in file Startup.s
      At line 288 in file Startup.s

SWI_Addr 00000028

Symbol: SWI_Addr
   Definitions
      At line 271 in file Startup.s
   Uses
      At line 252 in file Startup.s
Comment: SWI_Addr used once
SWI_Handler 00000044

Symbol: SWI_Handler
   Definitions
      At line 279 in file Startup.s
   Uses
      At line 271 in file Startup.s
      At line 279 in file Startup.s




ARM Macro Assembler    Page 3 Alphabetic symbol ordering
Relocatable symbols

Undef_Addr 00000024

Symbol: Undef_Addr
   Definitions
      At line 270 in file Startup.s
   Uses
      At line 251 in file Startup.s
Comment: Undef_Addr used once
Undef_Handler 00000040

Symbol: Undef_Handler
   Definitions
      At line 278 in file Startup.s
   Uses
      At line 270 in file Startup.s
      At line 278 in file Startup.s

Vectors 00000000

Symbol: Vectors
   Definitions
      At line 250 in file Startup.s
   Uses
      At line 374 in file Startup.s
Comment: Vectors used once
17 symbols



ARM Macro Assembler    Page 1 Alphabetic symbol ordering
Relocatable symbols

.text 00000000

Symbol: .text
   Definitions
      At line 458 in file Startup.s
   Uses
      None
Comment: .text unused
__user_initial_stackheap 00000000

Symbol: __user_initial_stackheap
   Definitions
      At line 462 in file Startup.s
   Uses
      At line 461 in file Startup.s
Comment: __user_initial_stackheap used once
2 symbols



ARM Macro Assembler    Page 1 Alphabetic symbol ordering
Absolute symbols

ABT_Stack_Size 00000000

Symbol: ABT_Stack_Size
   Definitions
      At line 66 in file Startup.s
   Uses
      At line 72 in file Startup.s
      At line 413 in file Startup.s

BCFG0_OFS 00000000

Symbol: BCFG0_OFS
   Definitions
      At line 159 in file Startup.s
   Uses
      None
Comment: BCFG0_OFS unused
BCFG0_SETUP 00000000

Symbol: BCFG0_SETUP
   Definitions
      At line 177 in file Startup.s
   Uses
      None
Comment: BCFG0_SETUP unused
BCFG0_Val 0000FBEF

Symbol: BCFG0_Val
   Definitions
      At line 178 in file Startup.s
   Uses
      None
Comment: BCFG0_Val unused
BCFG1_OFS 00000004

Symbol: BCFG1_OFS
   Definitions
      At line 160 in file Startup.s
   Uses
      None
Comment: BCFG1_OFS unused
BCFG1_SETUP 00000000

Symbol: BCFG1_SETUP
   Definitions
      At line 190 in file Startup.s
   Uses
      None
Comment: BCFG1_SETUP unused
BCFG1_Val 0000FBEF

Symbol: BCFG1_Val
   Definitions
      At line 191 in file Startup.s
   Uses
      None
Comment: BCFG1_Val unused
BCFG2_OFS 00000008




ARM Macro Assembler    Page 2 Alphabetic symbol ordering
Absolute symbols

Symbol: BCFG2_OFS
   Definitions
      At line 161 in file Startup.s
   Uses
      None
Comment: BCFG2_OFS unused
BCFG2_SETUP 00000000

Symbol: BCFG2_SETUP
   Definitions
      At line 203 in file Startup.s
   Uses
      None
Comment: BCFG2_SETUP unused
BCFG2_Val 0000FBEF

Symbol: BCFG2_Val
   Definitions
      At line 204 in file Startup.s
   Uses
      None
Comment: BCFG2_Val unused
BCFG3_OFS 0000000C

Symbol: BCFG3_OFS
   Definitions
      At line 162 in file Startup.s
   Uses
      None
Comment: BCFG3_OFS unused
BCFG3_SETUP 00000000

Symbol: BCFG3_SETUP
   Definitions
      At line 216 in file Startup.s
   Uses
      None
Comment: BCFG3_SETUP unused
BCFG3_Val 0000FBEF

Symbol: BCFG3_Val
   Definitions
      At line 217 in file Startup.s
   Uses
      None
Comment: BCFG3_Val unused
EMC_BASE FFE00000

Symbol: EMC_BASE
   Definitions
      At line 158 in file Startup.s
   Uses
      None
Comment: EMC_BASE unused
EMC_SETUP 00000000

Symbol: EMC_SETUP
   Definitions
      At line 165 in file Startup.s



ARM Macro Assembler    Page 3 Alphabetic symbol ordering
Absolute symbols

   Uses
      At line 301 in file Startup.s
Comment: EMC_SETUP used once
EXTMEM_BASE 80000000

Symbol: EXTMEM_BASE
   Definitions
      At line 53 in file Startup.s
   Uses
      None
Comment: EXTMEM_BASE unused
FIQ_Stack_Size 00000000

Symbol: FIQ_Stack_Size
   Definitions
      At line 67 in file Startup.s
   Uses
      At line 72 in file Startup.s
      At line 418 in file Startup.s

FLASH_BASE 00000000

Symbol: FLASH_BASE
   Definitions
      At line 51 in file Startup.s
   Uses
      None
Comment: FLASH_BASE unused
F_Bit 00000040

Symbol: F_Bit
   Definitions
      At line 48 in file Startup.s
   Uses
      At line 406 in file Startup.s
      At line 411 in file Startup.s
      At line 416 in file Startup.s
      At line 421 in file Startup.s
      At line 426 in file Startup.s

Heap_Size 00000000

Symbol: Heap_Size
   Definitions
      At line 86 in file Startup.s
   Uses
      At line 90 in file Startup.s
      At line 466 in file Startup.s

IRQ_Stack_Size 00000080

Symbol: IRQ_Stack_Size
   Definitions
      At line 68 in file Startup.s
   Uses
      At line 72 in file Startup.s
      At line 423 in file Startup.s

ISR_Stack_Size 00000088



ARM Macro Assembler    Page 4 Alphabetic symbol ordering
Absolute symbols


Symbol: ISR_Stack_Size
   Definitions
      At line 72 in file Startup.s
   Uses
      At line 77 in file Startup.s
Comment: ISR_Stack_Size used once
I_Bit 00000080

Symbol: I_Bit
   Definitions
      At line 47 in file Startup.s
   Uses
      At line 406 in file Startup.s
      At line 411 in file Startup.s
      At line 416 in file Startup.s
      At line 421 in file Startup.s
      At line 426 in file Startup.s

MAMCR_OFS 00000000

Symbol: MAMCR_OFS
   Definitions
      At line 138 in file Startup.s
   Uses
      At line 368 in file Startup.s
Comment: MAMCR_OFS used once
MAMCR_Val 00000002

Symbol: MAMCR_Val
   Definitions
      At line 153 in file Startup.s
   Uses
      At line 367 in file Startup.s
Comment: MAMCR_Val used once
MAMTIM_OFS 00000004

Symbol: MAMTIM_OFS
   Definitions
      At line 139 in file Startup.s
   Uses
      At line 366 in file Startup.s
Comment: MAMTIM_OFS used once
MAMTIM_Val 00000004

Symbol: MAMTIM_Val
   Definitions
      At line 154 in file Startup.s
   Uses
      At line 365 in file Startup.s
Comment: MAMTIM_Val used once
MAM_BASE E01FC000

Symbol: MAM_BASE
   Definitions
      At line 137 in file Startup.s
   Uses
      At line 364 in file Startup.s
Comment: MAM_BASE used once



ARM Macro Assembler    Page 5 Alphabetic symbol ordering
Absolute symbols

MAM_SETUP 00000001

Symbol: MAM_SETUP
   Definitions
      At line 152 in file Startup.s
   Uses
      At line 363 in file Startup.s
Comment: MAM_SETUP used once
MEMMAP E01FC040

Symbol: MEMMAP
   Definitions
      At line 383 in file Startup.s
   Uses
      At line 385 in file Startup.s
Comment: MEMMAP used once
Mode_ABT 00000017

Symbol: Mode_ABT
   Definitions
      At line 43 in file Startup.s
   Uses
      At line 411 in file Startup.s
Comment: Mode_ABT used once
Mode_FIQ 00000011

Symbol: Mode_FIQ
   Definitions
      At line 40 in file Startup.s
   Uses
      At line 416 in file Startup.s
Comment: Mode_FIQ used once
Mode_IRQ 00000012

Symbol: Mode_IRQ
   Definitions
      At line 41 in file Startup.s
   Uses
      At line 421 in file Startup.s
Comment: Mode_IRQ used once
Mode_SVC 00000013

Symbol: Mode_SVC
   Definitions
      At line 42 in file Startup.s
   Uses
      At line 426 in file Startup.s
Comment: Mode_SVC used once
Mode_SYS 0000001F

Symbol: Mode_SYS
   Definitions
      At line 45 in file Startup.s
   Uses
      None
Comment: Mode_SYS unused
Mode_UND 0000001B

Symbol: Mode_UND



ARM Macro Assembler    Page 6 Alphabetic symbol ordering
Absolute symbols

   Definitions
      At line 44 in file Startup.s
   Uses
      At line 406 in file Startup.s
Comment: Mode_UND used once
Mode_USR 00000010

Symbol: Mode_USR
   Definitions
      At line 39 in file Startup.s
   Uses
      At line 431 in file Startup.s
Comment: Mode_USR used once
PINSEL2 E002C014

Symbol: PINSEL2
   Definitions
      At line 223 in file Startup.s
   Uses
      None
Comment: PINSEL2 unused
PINSEL2_Val 0E6149E4

Symbol: PINSEL2_Val
   Definitions
      At line 224 in file Startup.s
   Uses
      None
Comment: PINSEL2_Val unused
PLLCFG_MSEL 0000001F

Symbol: PLLCFG_MSEL
   Definitions
      At line 120 in file Startup.s
   Uses
      None
Comment: PLLCFG_MSEL unused
PLLCFG_OFS 00000004

Symbol: PLLCFG_OFS
   Definitions
      At line 115 in file Startup.s
   Uses
      At line 343 in file Startup.s
Comment: PLLCFG_OFS used once
PLLCFG_PSEL 00000060

Symbol: PLLCFG_PSEL
   Definitions
      At line 121 in file Startup.s
   Uses
      None
Comment: PLLCFG_PSEL unused
PLLCFG_Val 00000024

Symbol: PLLCFG_Val
   Definitions
      At line 133 in file Startup.s
   Uses



ARM Macro Assembler    Page 7 Alphabetic symbol ordering
Absolute symbols

      At line 342 in file Startup.s
Comment: PLLCFG_Val used once
PLLCON_OFS 00000000

Symbol: PLLCON_OFS
   Definitions
      At line 114 in file Startup.s
   Uses
      At line 345 in file Startup.s
      At line 356 in file Startup.s

PLLCON_PLLC 00000002

Symbol: PLLCON_PLLC
   Definitions
      At line 119 in file Startup.s
   Uses
      At line 355 in file Startup.s
Comment: PLLCON_PLLC used once
PLLCON_PLLE 00000001

Symbol: PLLCON_PLLE
   Definitions
      At line 118 in file Startup.s
   Uses
      At line 344 in file Startup.s
      At line 355 in file Startup.s

PLLFEED_OFS 0000000C

Symbol: PLLFEED_OFS
   Definitions
      At line 117 in file Startup.s
   Uses
      At line 346 in file Startup.s
      At line 347 in file Startup.s
      At line 357 in file Startup.s
      At line 358 in file Startup.s

PLLSTAT_OFS 00000008

Symbol: PLLSTAT_OFS
   Definitions
      At line 116 in file Startup.s
   Uses
      At line 350 in file Startup.s
Comment: PLLSTAT_OFS used once
PLLSTAT_PLOCK 00000400

Symbol: PLLSTAT_PLOCK
   Definitions
      At line 122 in file Startup.s
   Uses
      At line 351 in file Startup.s
Comment: PLLSTAT_PLOCK used once
PLL_BASE E01FC080

Symbol: PLL_BASE
   Definitions



ARM Macro Assembler    Page 8 Alphabetic symbol ordering
Absolute symbols

      At line 113 in file Startup.s
   Uses
      At line 337 in file Startup.s
Comment: PLL_BASE used once
PLL_SETUP 00000001

Symbol: PLL_SETUP
   Definitions
      At line 132 in file Startup.s
   Uses
      At line 336 in file Startup.s
Comment: PLL_SETUP used once
RAM_BASE 40000000

Symbol: RAM_BASE
   Definitions
      At line 52 in file Startup.s
   Uses
      At line 375 in file Startup.s
Comment: RAM_BASE used once
SVC_Stack_Size 00000008

Symbol: SVC_Stack_Size
   Definitions
      At line 65 in file Startup.s
   Uses
      At line 72 in file Startup.s
      At line 428 in file Startup.s

UND_Stack_Size 00000000

Symbol: UND_Stack_Size
   Definitions
      At line 64 in file Startup.s
   Uses
      At line 72 in file Startup.s
      At line 408 in file Startup.s

USR_Stack_Size 00000400

Symbol: USR_Stack_Size
   Definitions
      At line 69 in file Startup.s
   Uses
      At line 76 in file Startup.s
      At line 439 in file Startup.s
      At line 465 in file Startup.s

VPBDIV E01FC100

Symbol: VPBDIV
   Definitions
      At line 95 in file Startup.s
   Uses
      None
Comment: VPBDIV unused
VPBDIV_SETUP 00000000

Symbol: VPBDIV_SETUP



ARM Macro Assembler    Page 9 Alphabetic symbol ordering
Absolute symbols

   Definitions
      At line 108 in file Startup.s
   Uses
      At line 328 in file Startup.s
Comment: VPBDIV_SETUP used once
VPBDIV_Val 00000000

Symbol: VPBDIV_Val
   Definitions
      At line 109 in file Startup.s
   Uses
      None
Comment: VPBDIV_Val unused
58 symbols



ARM Macro Assembler    Page 1 Alphabetic symbol ordering
External symbols

__main 00000000

Symbol: __main
   Definitions
      At line 446 in file Startup.s
   Uses
      At line 447 in file Startup.s
Comment: __main used once
__use_two_region_memory 00000000

Symbol: __use_two_region_memory
   Definitions
      At line 460 in file Startup.s
   Uses
      None
Comment: __use_two_region_memory unused
|Image$$ER_IROM1$$RO$$Length| 00000000

Symbol: |Image$$ER_IROM1$$RO$$Length|
   Definitions
      At line 238 in file Startup.s
   Uses
      At line 258 in file Startup.s
Comment: |Image$$ER_IROM1$$RO$$Length| used once
|Image$$RW_IRAM1$$RW$$Length| 00000000

Symbol: |Image$$RW_IRAM1$$RW$$Length|
   Definitions
      At line 239 in file Startup.s
   Uses
      At line 258 in file Startup.s
Comment: |Image$$RW_IRAM1$$RW$$Length| used once
4 symbols
416 symbols in table
